<?xml version="1.0" encoding="UTF-8"?>
<!-- Generated by org.testng.reporters.JUnitReportReporter -->
<testsuite hostname="FokBook" failures="0" tests="2" name="test.GetStatusTest" time="1.381" errors="0" timestamp="2023-06-06T21:17:23 CEST" skipped="0">
  <testcase classname="test.GetStatusTest" name="lessThanTwoSecondsResponseWhenGetStatusTest" time="0.705"/>
  <system-out/>
  <testcase classname="test.GetStatusTest" name="okWhenGetStatusTest" time="0.676"/>
  <system-out/>
</testsuite> <!-- test.GetStatusTest -->
