<?xml version="1.0" encoding="UTF-8"?>
<!-- Generated by org.testng.reporters.JUnitReportReporter -->
<testsuite hostname="FokBook" failures="0" tests="1" name="test.PostTokenTest" time="2.081" errors="0" timestamp="2023-06-06T21:17:23 CEST" skipped="0">
  <testcase classname="test.PostTokenTest" name="checkIfTokenIsValid" time="2.081"/>
  <system-out/>
</testsuite> <!-- test.PostTokenTest -->
